GameClass.obj : error LNK2019: unresolved external symbol __imp__glClear@4 referenced in function "public: void __thiscall GameClass::Draw(void)" (?Draw@GameClass@@QAEXXZ)
Main.obj : error LNK2019: unresolved external symbol __imp__glClearColor@16 referenced in function "void __cdecl GLInit(void)" (?GLInit@@YAXXZ)
Main.obj : error LNK2019: unresolved external symbol __imp__glEnable@4 referenced in function "void __cdecl GLInit(void)" (?GLInit@@YAXXZ)
Main.obj : error LNK2019: unresolved external symbol __imp__glLoadIdentity@0 referenced in function "void __cdecl GLInit(void)" (?GLInit@@YAXXZ)
Main.obj : error LNK2019: unresolved external symbol __imp__glMatrixMode@4 referenced in function "void __cdecl GLInit(void)" (?GLInit@@YAXXZ)
Main.obj : error LNK2019: unresolved external symbol __imp__glOrtho@48 referenced in function "void __cdecl GLInit(void)" (?GLInit@@YAXXZ)
Main.obj : error LNK2019: unresolved external symbol __imp__glRotatef@16 referenced in function "void __cdecl GLInit(void)" (?GLInit@@YAXXZ)
Main.obj : error LNK2019: unresolved external symbol __imp__glShadeModel@4 referenced in function "void __cdecl GLInit(void)" (?GLInit@@YAXXZ)
Main.obj : error LNK2019: unresolved external symbol __imp__glTranslatef@12 referenced in function "void __cdecl GLInit(void)" (?GLInit@@YAXXZ)
Main.obj : error LNK2019: unresolved external symbol __imp__glewInit@0 referenced in function "void __cdecl init(void)" (?init@@YAXXZ)
Main.obj : error LNK2019: unresolved external symbol __imp__ilInit@0 referenced in function "void __cdecl init(void)" (?init@@YAXXZ)
Main.obj : error LNK2019: unresolved external symbol _glfwInit referenced in function "void __cdecl init(void)" (?init@@YAXXZ)
Main.obj : error LNK2019: unresolved external symbol _glfwTerminate referenced in function "void __cdecl cleanup(void)" (?cleanup@@YAXXZ)
Main.obj : error LNK2019: unresolved external symbol _glfwSetErrorCallback referenced in function "void __cdecl init(void)" (?init@@YAXXZ)
Main.obj : error LNK2019: unresolved external symbol _glfwGetPrimaryMonitor referenced in function "void __cdecl init(void)" (?init@@YAXXZ)
Main.obj : error LNK2019: unresolved external symbol _glfwCreateWindow referenced in function "void __cdecl init(void)" (?init@@YAXXZ)
Main.obj : error LNK2019: unresolved external symbol _glfwDestroyWindow referenced in function "void __cdecl cleanup(void)" (?cleanup@@YAXXZ)
Main.obj : error LNK2019: unresolved external symbol _glfwWindowShouldClose referenced in function "void __cdecl gameloop(void)" (?gameloop@@YAXXZ)
Main.obj : error LNK2019: unresolved external symbol _glfwSetWindowShouldClose referenced in function "void __cdecl key_callback(struct GLFWwindow *,int,int,int,int)" (?key_callback@@YAXPAUGLFWwindow@@HHHH@Z)
Main.obj : error LNK2019: unresolved external symbol _glfwPollEvents referenced in function "void __cdecl gameloop(void)" (?gameloop@@YAXXZ)
Main.obj : error LNK2019: unresolved external symbol _glfwSetCursorPos referenced in function "void __cdecl init(void)" (?init@@YAXXZ)
Main.obj : error LNK2019: unresolved external symbol _glfwSetKeyCallback referenced in function "void __cdecl init(void)" (?init@@YAXXZ)
Main.obj : error LNK2019: unresolved external symbol _glfwMakeContextCurrent referenced in function "void __cdecl init(void)" (?init@@YAXXZ)
Main.obj : error LNK2019: unresolved external symbol _glfwSwapBuffers referenced in function "void __cdecl gameloop(void)" (?gameloop@@YAXXZ)
Terrain.obj : error LNK2001: unresolved external symbol __imp____glewBindBuffer
Terrain.obj : error LNK2001: unresolved external symbol __imp____glewBufferData
Terrain.obj : error LNK2001: unresolved external symbol __imp____glewGenBuffers
Z:\CloudStation\GitHub Projects\CityBuildingGame\\external\DevIL Windows SDK\lib\x64\Release\devIL.lib : warning LNK4272: library machine type 'x64' conflicts with target machine type 'X86'
Z:\CloudStation\GitHub Projects\CityBuildingGame\Debug\CityBuildingGame.exe : fatal error LNK1120: 27 unresolved externals
